2022-05-01 19:48:07 [scrapy.statscollectors] INFO: Dumping Scrapy stats:
{'downloader/exception_count': 116,
 'downloader/exception_type_count/scrapy.exceptions.IgnoreRequest': 116,
 'downloader/request_bytes': 555582,
 'downloader/request_count': 1361,
 'downloader/request_method_count/GET': 1361,
 'downloader/response_bytes': 59936459,
 'downloader/response_count': 1361,
 'downloader/response_status_count/200': 1361,
 'dupefilter/filtered': 1371,
 'elapsed_time_seconds': 1684.178425,
 'feedexport/success_count/FileFeedStorage': 1,
 'finish_reason': 'finished',
 'finish_time': datetime.datetime(2022, 5, 1, 23, 48, 7, 521885),
 'httpcompression/response_bytes': 293294249,
 'httpcompression/response_count': 1361,
 'item_scraped_count': 1302,
 'log_count/DEBUG': 3088,
 'log_count/ERROR': 57,
 'log_count/INFO': 39,
 'memusage/max': 1557422080,
 'memusage/startup': 225886208,
 'offsite/domains': 299,
 'offsite/filtered': 739,
 'request_depth_max': 1,
 'response_received_count': 1361,
 'robotstxt/forbidden': 116,
 'robotstxt/request_count': 1,
 'robotstxt/response_count': 1,
 'robotstxt/response_status_count/200': 1,
 'scheduler/dequeued': 1476,
 'scheduler/dequeued/memory': 1476,
 'scheduler/enqueued': 1476,
 'scheduler/enqueued/memory': 1476,
 'start_time': datetime.datetime(2022, 5, 1, 23, 20, 3, 343460)}